<?xml version="1.0" encoding="UTF-8"?>
<!-- Generated by org.testng.reporters.JUnitReportReporter -->
<testsuite hostname="CDACLAB-148" failures="0" tests="2" name="NGTest.NewTest" time="0.001" errors="0" timestamp="2024-11-15T18:02:13 IST" skipped="0">
  <testcase classname="NGTest.NewTest" name="Second" time="0.001"/>
  <system-out/>
  <testcase classname="NGTest.NewTest" name="first" time="0.000"/>
  <system-out/>
</testsuite> <!-- NGTest.NewTest -->
