<?xml version="1.0" encoding="UTF-8"?>
<!-- Generated by org.testng.reporters.JUnitReportReporter -->
<testsuite hostname="CDACLAB-148" failures="0" tests="1" name="NGTest.Xml" time="0.004" errors="0" timestamp="2024-11-15T18:02:13 IST" skipped="0">
  <testcase classname="NGTest.Xml" name="f" time="0.004"/>
  <system-out/>
</testsuite> <!-- NGTest.Xml -->
