<?xml version="1.0" encoding="UTF-8"?>
<!-- Generated by org.testng.reporters.JUnitReportReporter -->
<testsuite hostname="CDACLAB-148" failures="0" tests="1" name="NGTest.demo" time="4.547" errors="0" timestamp="2024-11-15T18:02:13 IST" skipped="0">
  <testcase classname="NGTest.demo" name="f" time="4.547"/>
  <system-out/>
</testsuite> <!-- NGTest.demo -->
