<?xml version="1.0" encoding="UTF-8"?>
<!-- Generated by org.testng.reporters.JUnitReportReporter -->
<testsuite hostname="CDACLAB-148" failures="0" tests="9" name="NGTest.PriorityTesting" time="4.466" errors="0" timestamp="2024-11-15T18:02:13 IST" skipped="0">
  <testcase classname="NGTest.PriorityTesting" name="FirstName" time="4.062"/>
  <system-out/>
  <testcase classname="NGTest.PriorityTesting" name="LastName" time="0.049"/>
  <system-out/>
  <testcase classname="NGTest.PriorityTesting" name="phone" time="0.046"/>
  <system-out/>
  <testcase classname="NGTest.PriorityTesting" name="Email" time="0.052"/>
  <system-out/>
  <testcase classname="NGTest.PriorityTesting" name="Address" time="0.061"/>
  <system-out/>
  <testcase classname="NGTest.PriorityTesting" name="city" time="0.039"/>
  <system-out/>
  <testcase classname="NGTest.PriorityTesting" name="state" time="0.048"/>
  <system-out/>
  <testcase classname="NGTest.PriorityTesting" name="postalCode" time="0.041"/>
  <system-out/>
  <testcase classname="NGTest.PriorityTesting" name="Country" time="0.068"/>
  <system-out/>
</testsuite> <!-- NGTest.PriorityTesting -->
