<?xml version="1.0" encoding="UTF-8"?>
<!-- Generated by org.testng.reporters.JUnitReportReporter -->
<testsuite hostname="CDACLAB-148" failures="0" tests="1" name="NGTest.Login" time="1.266" errors="0" timestamp="2024-11-15T17:29:14 IST" skipped="0">
  <testcase classname="NGTest.Login" name="Login" time="1.266"/>
  <system-out/>
</testsuite> <!-- NGTest.Login -->
